{"/Users/ayushjain/Documents/ACS/Year_2-Term-1/ACS_3310/String_Lib/src/index.js": {"path":"/Users/ayushjain/Documents/ACS/Year_2-Term-1/ACS_3310/String_Lib/src/index.js","statementMap":{"0":{"start":{"line":8,"column":0},"end":{"line":8,"column":41}},"1":{"start":{"line":10,"column":2},"end":{"line":10,"column":35}},"2":{"start":{"line":11,"column":14},"end":{"line":11,"column":49}},"3":{"start":{"line":12,"column":2},"end":{"line":12,"column":30}},"4":{"start":{"line":13,"column":2},"end":{"line":13,"column":13}},"5":{"start":{"line":15,"column":0},"end":{"line":15,"column":25}},"6":{"start":{"line":16,"column":0},"end":{"line":16,"column":22}},"7":{"start":{"line":19,"column":0},"end":{"line":19,"column":38}},"8":{"start":{"line":21,"column":2},"end":{"line":21,"column":35}},"9":{"start":{"line":22,"column":14},"end":{"line":22,"column":31}},"10":{"start":{"line":23,"column":2},"end":{"line":23,"column":30}},"11":{"start":{"line":24,"column":2},"end":{"line":24,"column":13}},"12":{"start":{"line":26,"column":0},"end":{"line":26,"column":22}},"13":{"start":{"line":27,"column":0},"end":{"line":27,"column":22}},"14":{"start":{"line":30,"column":0},"end":{"line":30,"column":46}},"15":{"start":{"line":32,"column":2},"end":{"line":32,"column":35}},"16":{"start":{"line":33,"column":2},"end":{"line":33,"column":54}},"17":{"start":{"line":34,"column":2},"end":{"line":34,"column":19}},"18":{"start":{"line":35,"column":2},"end":{"line":39,"column":3}},"19":{"start":{"line":36,"column":4},"end":{"line":38,"column":5}},"20":{"start":{"line":37,"column":6},"end":{"line":37,"column":78}},"21":{"start":{"line":40,"column":2},"end":{"line":40,"column":34}},"22":{"start":{"line":41,"column":2},"end":{"line":41,"column":17}},"23":{"start":{"line":43,"column":0},"end":{"line":43,"column":37}},"24":{"start":{"line":44,"column":0},"end":{"line":44,"column":22}},"25":{"start":{"line":47,"column":0},"end":{"line":47,"column":48}},"26":{"start":{"line":49,"column":2},"end":{"line":49,"column":35}},"27":{"start":{"line":50,"column":2},"end":{"line":50,"column":19}},"28":{"start":{"line":51,"column":2},"end":{"line":51,"column":19}},"29":{"start":{"line":52,"column":2},"end":{"line":52,"column":15}},"30":{"start":{"line":54,"column":2},"end":{"line":64,"column":3}},"31":{"start":{"line":55,"column":4},"end":{"line":63,"column":5}},"32":{"start":{"line":56,"column":6},"end":{"line":60,"column":7}},"33":{"start":{"line":57,"column":8},"end":{"line":57,"column":17}},"34":{"start":{"line":59,"column":8},"end":{"line":59,"column":43}},"35":{"start":{"line":62,"column":6},"end":{"line":62,"column":41}},"36":{"start":{"line":65,"column":2},"end":{"line":65,"column":34}},"37":{"start":{"line":66,"column":2},"end":{"line":66,"column":17}},"38":{"start":{"line":68,"column":0},"end":{"line":68,"column":43}},"39":{"start":{"line":69,"column":0},"end":{"line":69,"column":22}},"40":{"start":{"line":72,"column":0},"end":{"line":72,"column":40}},"41":{"start":{"line":74,"column":2},"end":{"line":74,"column":35}},"42":{"start":{"line":75,"column":2},"end":{"line":75,"column":26}},"43":{"start":{"line":76,"column":2},"end":{"line":76,"column":19}},"44":{"start":{"line":77,"column":2},"end":{"line":77,"column":19}},"45":{"start":{"line":78,"column":2},"end":{"line":78,"column":15}},"46":{"start":{"line":79,"column":2},"end":{"line":89,"column":3}},"47":{"start":{"line":80,"column":4},"end":{"line":88,"column":5}},"48":{"start":{"line":81,"column":6},"end":{"line":85,"column":7}},"49":{"start":{"line":82,"column":8},"end":{"line":82,"column":17}},"50":{"start":{"line":84,"column":8},"end":{"line":84,"column":43}},"51":{"start":{"line":87,"column":6},"end":{"line":87,"column":41}},"52":{"start":{"line":90,"column":2},"end":{"line":90,"column":41}},"53":{"start":{"line":91,"column":2},"end":{"line":91,"column":34}},"54":{"start":{"line":92,"column":2},"end":{"line":92,"column":17}},"55":{"start":{"line":94,"column":0},"end":{"line":94,"column":35}},"56":{"start":{"line":95,"column":0},"end":{"line":95,"column":22}},"57":{"start":{"line":98,"column":0},"end":{"line":98,"column":40}},"58":{"start":{"line":100,"column":2},"end":{"line":100,"column":35}},"59":{"start":{"line":101,"column":2},"end":{"line":101,"column":26}},"60":{"start":{"line":102,"column":2},"end":{"line":102,"column":19}},"61":{"start":{"line":103,"column":2},"end":{"line":103,"column":19}},"62":{"start":{"line":104,"column":2},"end":{"line":104,"column":15}},"63":{"start":{"line":105,"column":2},"end":{"line":115,"column":3}},"64":{"start":{"line":106,"column":4},"end":{"line":114,"column":5}},"65":{"start":{"line":107,"column":6},"end":{"line":111,"column":7}},"66":{"start":{"line":108,"column":8},"end":{"line":108,"column":17}},"67":{"start":{"line":110,"column":8},"end":{"line":110,"column":43}},"68":{"start":{"line":113,"column":6},"end":{"line":113,"column":41}},"69":{"start":{"line":116,"column":2},"end":{"line":116,"column":41}},"70":{"start":{"line":117,"column":2},"end":{"line":117,"column":34}},"71":{"start":{"line":118,"column":2},"end":{"line":118,"column":17}},"72":{"start":{"line":120,"column":0},"end":{"line":120,"column":34}},"73":{"start":{"line":121,"column":0},"end":{"line":121,"column":22}},"74":{"start":{"line":124,"column":0},"end":{"line":124,"column":40}},"75":{"start":{"line":126,"column":2},"end":{"line":126,"column":35}},"76":{"start":{"line":127,"column":2},"end":{"line":127,"column":26}},"77":{"start":{"line":128,"column":2},"end":{"line":128,"column":19}},"78":{"start":{"line":129,"column":2},"end":{"line":129,"column":19}},"79":{"start":{"line":130,"column":2},"end":{"line":130,"column":15}},"80":{"start":{"line":131,"column":2},"end":{"line":137,"column":3}},"81":{"start":{"line":132,"column":4},"end":{"line":136,"column":5}},"82":{"start":{"line":133,"column":6},"end":{"line":133,"column":62}},"83":{"start":{"line":135,"column":6},"end":{"line":135,"column":41}},"84":{"start":{"line":138,"column":2},"end":{"line":138,"column":34}},"85":{"start":{"line":139,"column":2},"end":{"line":139,"column":17}},"86":{"start":{"line":141,"column":0},"end":{"line":141,"column":29}},"87":{"start":{"line":142,"column":0},"end":{"line":142,"column":22}},"88":{"start":{"line":145,"column":0},"end":{"line":145,"column":36}},"89":{"start":{"line":147,"column":2},"end":{"line":147,"column":35}},"90":{"start":{"line":148,"column":2},"end":{"line":148,"column":16}},"91":{"start":{"line":149,"column":2},"end":{"line":149,"column":21}},"92":{"start":{"line":150,"column":2},"end":{"line":150,"column":14}},"93":{"start":{"line":151,"column":2},"end":{"line":151,"column":30}},"94":{"start":{"line":152,"column":2},"end":{"line":152,"column":13}},"95":{"start":{"line":154,"column":0},"end":{"line":154,"column":21}},"96":{"start":{"line":155,"column":0},"end":{"line":155,"column":22}},"97":{"start":{"line":158,"column":0},"end":{"line":158,"column":42}},"98":{"start":{"line":160,"column":2},"end":{"line":160,"column":35}},"99":{"start":{"line":161,"column":2},"end":{"line":161,"column":24}},"100":{"start":{"line":162,"column":15},"end":{"line":162,"column":55}},"101":{"start":{"line":162,"column":35},"end":{"line":162,"column":54}},"102":{"start":{"line":163,"column":2},"end":{"line":165,"column":3}},"103":{"start":{"line":163,"column":15},"end":{"line":163,"column":16}},"104":{"start":{"line":164,"column":4},"end":{"line":164,"column":28}},"105":{"start":{"line":166,"column":2},"end":{"line":166,"column":30}},"106":{"start":{"line":167,"column":2},"end":{"line":167,"column":20}},"107":{"start":{"line":168,"column":2},"end":{"line":168,"column":14}},"108":{"start":{"line":170,"column":0},"end":{"line":170,"column":44}},"109":{"start":{"line":171,"column":0},"end":{"line":171,"column":22}},"110":{"start":{"line":174,"column":0},"end":{"line":174,"column":39}},"111":{"start":{"line":176,"column":2},"end":{"line":176,"column":35}},"112":{"start":{"line":177,"column":2},"end":{"line":177,"column":19}},"113":{"start":{"line":178,"column":2},"end":{"line":180,"column":3}},"114":{"start":{"line":179,"column":4},"end":{"line":179,"column":16}},"115":{"start":{"line":182,"column":2},"end":{"line":182,"column":30}},"116":{"start":{"line":183,"column":2},"end":{"line":183,"column":13}},"117":{"start":{"line":185,"column":0},"end":{"line":185,"column":14}},"118":{"start":{"line":186,"column":0},"end":{"line":186,"column":22}},"119":{"start":{"line":188,"column":0},"end":{"line":188,"column":39}},"120":{"start":{"line":189,"column":0},"end":{"line":189,"column":33}},"121":{"start":{"line":190,"column":0},"end":{"line":190,"column":49}},"122":{"start":{"line":191,"column":0},"end":{"line":191,"column":53}},"123":{"start":{"line":192,"column":0},"end":{"line":192,"column":37}},"124":{"start":{"line":193,"column":0},"end":{"line":193,"column":37}},"125":{"start":{"line":194,"column":0},"end":{"line":194,"column":37}},"126":{"start":{"line":195,"column":0},"end":{"line":195,"column":29}},"127":{"start":{"line":196,"column":0},"end":{"line":196,"column":41}},"128":{"start":{"line":197,"column":0},"end":{"line":197,"column":33}}},"fnMap":{"0":{"name":"capitalize","decl":{"start":{"line":9,"column":9},"end":{"line":9,"column":19}},"loc":{"start":{"line":9,"column":25},"end":{"line":14,"column":1}},"line":9},"1":{"name":"allCaps","decl":{"start":{"line":20,"column":9},"end":{"line":20,"column":16}},"loc":{"start":{"line":20,"column":22},"end":{"line":25,"column":1}},"line":20},"2":{"name":"capitalizeWords","decl":{"start":{"line":31,"column":9},"end":{"line":31,"column":24}},"loc":{"start":{"line":31,"column":30},"end":{"line":42,"column":1}},"line":31},"3":{"name":"removeExtraSpaces","decl":{"start":{"line":48,"column":9},"end":{"line":48,"column":26}},"loc":{"start":{"line":48,"column":32},"end":{"line":67,"column":1}},"line":48},"4":{"name":"kebobCase","decl":{"start":{"line":73,"column":9},"end":{"line":73,"column":18}},"loc":{"start":{"line":73,"column":24},"end":{"line":93,"column":1}},"line":73},"5":{"name":"snakeCase","decl":{"start":{"line":99,"column":9},"end":{"line":99,"column":18}},"loc":{"start":{"line":99,"column":24},"end":{"line":119,"column":1}},"line":99},"6":{"name":"camelCase","decl":{"start":{"line":125,"column":9},"end":{"line":125,"column":18}},"loc":{"start":{"line":125,"column":24},"end":{"line":140,"column":1}},"line":125},"7":{"name":"shift","decl":{"start":{"line":146,"column":9},"end":{"line":146,"column":14}},"loc":{"start":{"line":146,"column":20},"end":{"line":153,"column":1}},"line":146},"8":{"name":"makeHashTag","decl":{"start":{"line":159,"column":9},"end":{"line":159,"column":20}},"loc":{"start":{"line":159,"column":26},"end":{"line":169,"column":1}},"line":159},"9":{"name":"(anonymous_9)","decl":{"start":{"line":162,"column":25},"end":{"line":162,"column":26}},"loc":{"start":{"line":162,"column":35},"end":{"line":162,"column":54}},"line":162},"10":{"name":"isEmpty","decl":{"start":{"line":175,"column":9},"end":{"line":175,"column":16}},"loc":{"start":{"line":175,"column":22},"end":{"line":184,"column":1}},"line":175}},"branchMap":{"0":{"loc":{"start":{"line":36,"column":4},"end":{"line":38,"column":5}},"type":"if","locations":[{"start":{"line":36,"column":4},"end":{"line":38,"column":5}},{"start":{},"end":{}}],"line":36},"1":{"loc":{"start":{"line":55,"column":4},"end":{"line":63,"column":5}},"type":"if","locations":[{"start":{"line":55,"column":4},"end":{"line":63,"column":5}},{"start":{"line":61,"column":11},"end":{"line":63,"column":5}}],"line":55},"2":{"loc":{"start":{"line":56,"column":6},"end":{"line":60,"column":7}},"type":"if","locations":[{"start":{"line":56,"column":6},"end":{"line":60,"column":7}},{"start":{"line":58,"column":13},"end":{"line":60,"column":7}}],"line":56},"3":{"loc":{"start":{"line":80,"column":4},"end":{"line":88,"column":5}},"type":"if","locations":[{"start":{"line":80,"column":4},"end":{"line":88,"column":5}},{"start":{"line":86,"column":11},"end":{"line":88,"column":5}}],"line":80},"4":{"loc":{"start":{"line":81,"column":6},"end":{"line":85,"column":7}},"type":"if","locations":[{"start":{"line":81,"column":6},"end":{"line":85,"column":7}},{"start":{"line":83,"column":13},"end":{"line":85,"column":7}}],"line":81},"5":{"loc":{"start":{"line":106,"column":4},"end":{"line":114,"column":5}},"type":"if","locations":[{"start":{"line":106,"column":4},"end":{"line":114,"column":5}},{"start":{"line":112,"column":11},"end":{"line":114,"column":5}}],"line":106},"6":{"loc":{"start":{"line":107,"column":6},"end":{"line":111,"column":7}},"type":"if","locations":[{"start":{"line":107,"column":6},"end":{"line":111,"column":7}},{"start":{"line":109,"column":13},"end":{"line":111,"column":7}}],"line":107},"7":{"loc":{"start":{"line":132,"column":4},"end":{"line":136,"column":5}},"type":"if","locations":[{"start":{"line":132,"column":4},"end":{"line":136,"column":5}},{"start":{"line":134,"column":11},"end":{"line":136,"column":5}}],"line":132},"8":{"loc":{"start":{"line":178,"column":2},"end":{"line":180,"column":3}},"type":"if","locations":[{"start":{"line":178,"column":2},"end":{"line":180,"column":3}},{"start":{},"end":{}}],"line":178}},"s":{"0":1,"1":2,"2":2,"3":2,"4":2,"5":1,"6":1,"7":1,"8":2,"9":2,"10":2,"11":2,"12":1,"13":1,"14":1,"15":2,"16":2,"17":2,"18":2,"19":36,"20":6,"21":2,"22":2,"23":1,"24":1,"25":1,"26":2,"27":2,"28":2,"29":2,"30":2,"31":44,"32":8,"33":6,"34":2,"35":36,"36":2,"37":2,"38":1,"39":1,"40":1,"41":2,"42":2,"43":2,"44":2,"45":2,"46":2,"47":27,"48":5,"49":3,"50":2,"51":22,"52":2,"53":2,"54":2,"55":1,"56":1,"57":1,"58":2,"59":2,"60":2,"61":2,"62":2,"63":2,"64":29,"65":6,"66":3,"67":3,"68":23,"69":2,"70":2,"71":2,"72":1,"73":1,"74":1,"75":2,"76":2,"77":2,"78":2,"79":2,"80":2,"81":24,"82":2,"83":22,"84":2,"85":2,"86":1,"87":1,"88":1,"89":2,"90":2,"91":2,"92":2,"93":2,"94":2,"95":1,"96":1,"97":1,"98":2,"99":2,"100":2,"101":12,"102":2,"103":2,"104":10,"105":2,"106":2,"107":2,"108":1,"109":1,"110":1,"111":2,"112":2,"113":2,"114":2,"115":0,"116":0,"117":1,"118":1,"119":1,"120":1,"121":1,"122":1,"123":1,"124":1,"125":1,"126":1,"127":1,"128":1},"f":{"0":2,"1":2,"2":2,"3":2,"4":2,"5":2,"6":2,"7":2,"8":2,"9":12,"10":2},"b":{"0":[6,30],"1":[8,36],"2":[6,2],"3":[5,22],"4":[3,2],"5":[6,23],"6":[3,3],"7":[2,22],"8":[2,0]},"_coverageSchema":"1a1c01bbd47fc00a2c39e90264f33305004495a9","hash":"7ed79ec2b6054df0ce66acc9031fd38f431dc7f5"}
}
