TN:
SF:index.js
FN:9,capitalize
FN:20,allCaps
FN:31,capitalizeWords
FN:48,removeExtraSpaces
FN:73,kebobCase
FN:99,snakeCase
FN:125,camelCase
FN:146,shift
FN:159,makeHashTag
FN:162,(anonymous_9)
FN:175,isEmpty
FNF:11
FNH:11
FNDA:2,capitalize
FNDA:2,allCaps
FNDA:2,capitalizeWords
FNDA:2,removeExtraSpaces
FNDA:2,kebobCase
FNDA:2,snakeCase
FNDA:2,camelCase
FNDA:2,shift
FNDA:2,makeHashTag
FNDA:12,(anonymous_9)
FNDA:2,isEmpty
DA:8,1
DA:10,2
DA:11,2
DA:12,2
DA:13,2
DA:15,1
DA:16,1
DA:19,1
DA:21,2
DA:22,2
DA:23,2
DA:24,2
DA:26,1
DA:27,1
DA:30,1
DA:32,2
DA:33,2
DA:34,2
DA:35,2
DA:36,36
DA:37,6
DA:40,2
DA:41,2
DA:43,1
DA:44,1
DA:47,1
DA:49,2
DA:50,2
DA:51,2
DA:52,2
DA:54,2
DA:55,44
DA:56,8
DA:57,6
DA:59,2
DA:62,36
DA:65,2
DA:66,2
DA:68,1
DA:69,1
DA:72,1
DA:74,2
DA:75,2
DA:76,2
DA:77,2
DA:78,2
DA:79,2
DA:80,27
DA:81,5
DA:82,3
DA:84,2
DA:87,22
DA:90,2
DA:91,2
DA:92,2
DA:94,1
DA:95,1
DA:98,1
DA:100,2
DA:101,2
DA:102,2
DA:103,2
DA:104,2
DA:105,2
DA:106,29
DA:107,6
DA:108,3
DA:110,3
DA:113,23
DA:116,2
DA:117,2
DA:118,2
DA:120,1
DA:121,1
DA:124,1
DA:126,2
DA:127,2
DA:128,2
DA:129,2
DA:130,2
DA:131,2
DA:132,24
DA:133,2
DA:135,22
DA:138,2
DA:139,2
DA:141,1
DA:142,1
DA:145,1
DA:147,2
DA:148,2
DA:149,2
DA:150,2
DA:151,2
DA:152,2
DA:154,1
DA:155,1
DA:158,1
DA:160,2
DA:161,2
DA:162,12
DA:163,2
DA:164,10
DA:166,2
DA:167,2
DA:168,2
DA:170,1
DA:171,1
DA:174,1
DA:176,2
DA:177,2
DA:178,2
DA:179,2
DA:182,0
DA:183,0
DA:185,1
DA:186,1
DA:188,1
DA:189,1
DA:190,1
DA:191,1
DA:192,1
DA:193,1
DA:194,1
DA:195,1
DA:196,1
DA:197,1
LF:127
LH:125
BRDA:36,0,0,6
BRDA:36,0,1,30
BRDA:55,1,0,8
BRDA:55,1,1,36
BRDA:56,2,0,6
BRDA:56,2,1,2
BRDA:80,3,0,5
BRDA:80,3,1,22
BRDA:81,4,0,3
BRDA:81,4,1,2
BRDA:106,5,0,6
BRDA:106,5,1,23
BRDA:107,6,0,3
BRDA:107,6,1,3
BRDA:132,7,0,2
BRDA:132,7,1,22
BRDA:178,8,0,2
BRDA:178,8,1,0
BRF:18
BRH:17
end_of_record
